2022-09-19 09:57:39,371 INFO o.a.j.u.JMeterUtils: Setting Locale to en_US
2022-09-19 09:57:39,389 INFO o.a.j.JMeter: Loading user properties from: user.properties
2022-09-19 09:57:39,390 INFO o.a.j.JMeter: Loading system properties from: system.properties
2022-09-19 09:57:39,390 INFO o.a.j.JMeter: Loading additional properties from: C:\apache-jmeter-5.4.1\bin\user.properties
2022-09-19 09:57:39,402 INFO o.a.j.JMeter: Copyright (c) 1998-2021 The Apache Software Foundation
2022-09-19 09:57:39,402 INFO o.a.j.JMeter: Version 5.4.1
2022-09-19 09:57:39,402 INFO o.a.j.JMeter: java.version=1.8.0_311
2022-09-19 09:57:39,402 INFO o.a.j.JMeter: java.vm.name=Java HotSpot(TM) 64-Bit Server VM
2022-09-19 09:57:39,403 INFO o.a.j.JMeter: os.name=Windows 10
2022-09-19 09:57:39,403 INFO o.a.j.JMeter: os.arch=amd64
2022-09-19 09:57:39,403 INFO o.a.j.JMeter: os.version=10.0
2022-09-19 09:57:39,403 INFO o.a.j.JMeter: file.encoding=Cp1252
2022-09-19 09:57:39,403 INFO o.a.j.JMeter: java.awt.headless=true
2022-09-19 09:57:39,403 INFO o.a.j.JMeter: Max memory     =1873805312
2022-09-19 09:57:39,403 INFO o.a.j.JMeter: Available Processors =8
2022-09-19 09:57:39,407 INFO o.a.j.JMeter: Default Locale=English (United States)
2022-09-19 09:57:39,408 INFO o.a.j.JMeter: JMeter  Locale=English (United States)
2022-09-19 09:57:39,408 INFO o.a.j.JMeter: JMeterHome=C:\apache-jmeter-5.4.1
2022-09-19 09:57:39,408 INFO o.a.j.JMeter: user.dir  =C:\apache-jmeter-5.4.1\bin
2022-09-19 09:57:39,408 INFO o.a.j.JMeter: PWD       =C:\apache-jmeter-5.4.1\bin
2022-09-19 09:57:39,410 INFO o.a.j.JMeter: IP: 10.5.26.201 Name: EGCA1-0091 FullName: EGCA1-0091.in.idemia.com
2022-09-19 09:57:39,419 INFO o.a.j.JMeter: Setting property 'jmeter.reportgenerator.outputdir' to:'C:\AI\report'
2022-09-19 09:57:39,423 INFO o.a.j.r.d.ReportGenerator: ReportGenerator will use for Parsing the separator: ','
2022-09-19 09:57:39,424 INFO o.a.j.r.d.ReportGenerator: Will only generate report from results file: C:\AI\Results.csv
2022-09-19 09:57:39,424 INFO o.a.j.r.d.ReportGenerator: Reading report generator properties from: C:\apache-jmeter-5.4.1\bin\reportgenerator.properties
2022-09-19 09:57:39,426 INFO o.a.j.r.d.ReportGenerator: Merging with JMeter properties
2022-09-19 09:57:39,432 INFO o.a.j.r.c.ReportGeneratorConfiguration: Property 'jmeter.reportgenerator.temp_dir' not found, using default value 'temp' instead.
2022-09-19 09:57:39,443 INFO o.a.j.r.c.ReportGeneratorConfiguration: Property 'jmeter.reportgenerator.sample_filter' not found, using default value 'null' instead.
2022-09-19 09:57:39,443 INFO o.a.j.r.c.ReportGeneratorConfiguration: Property 'jmeter.reportgenerator.report_title' not found, using default value 'null' instead.
2022-09-19 09:57:39,443 INFO o.a.j.r.c.ReportGeneratorConfiguration: Property 'jmeter.reportgenerator.start_date' not found, using default value 'null' instead.
2022-09-19 09:57:39,443 INFO o.a.j.r.c.ReportGeneratorConfiguration: Property 'jmeter.reportgenerator.end_date' not found, using default value 'null' instead.
2022-09-19 09:57:39,443 INFO o.a.j.r.c.ReportGeneratorConfiguration: Property 'jmeter.reportgenerator.date_format' not found, using default value 'null' instead.
2022-09-19 09:57:39,444 INFO o.a.j.r.c.ReportGeneratorConfiguration: Will use date range start date: null, end date: null
2022-09-19 09:57:39,450 INFO o.a.j.r.c.ReportGeneratorConfiguration: Property 'jmeter.reportgenerator.graph.totalTPS.exclude_controllers' not found, using default value 'false' instead.
2022-09-19 09:57:39,450 INFO o.a.j.r.c.ReportGeneratorConfiguration: Property 'jmeter.reportgenerator.graph.activeThreadsOverTime.exclude_controllers' not found, using default value 'false' instead.
2022-09-19 09:57:39,450 INFO o.a.j.r.c.ReportGeneratorConfiguration: Property 'jmeter.reportgenerator.graph.timeVsThreads.exclude_controllers' not found, using default value 'false' instead.
2022-09-19 09:57:39,450 INFO o.a.j.r.c.ReportGeneratorConfiguration: Property 'jmeter.reportgenerator.graph.responseTimeDistribution.exclude_controllers' not found, using default value 'false' instead.
2022-09-19 09:57:39,450 INFO o.a.j.r.c.ReportGeneratorConfiguration: Property 'jmeter.reportgenerator.graph.transactionsPerSecond.exclude_controllers' not found, using default value 'false' instead.
2022-09-19 09:57:39,451 INFO o.a.j.r.c.ReportGeneratorConfiguration: Property 'jmeter.reportgenerator.graph.responseTimePercentiles.exclude_controllers' not found, using default value 'false' instead.
2022-09-19 09:57:39,451 INFO o.a.j.r.c.ReportGeneratorConfiguration: Property 'jmeter.reportgenerator.graph.responseTimePercentilesOverTime.exclude_controllers' not found, using default value 'false' instead.
2022-09-19 09:57:39,451 INFO o.a.j.r.c.ReportGeneratorConfiguration: Property 'jmeter.reportgenerator.graph.responseTimesOverTime.exclude_controllers' not found, using default value 'false' instead.
2022-09-19 09:57:39,451 INFO o.a.j.r.c.ReportGeneratorConfiguration: Property 'jmeter.reportgenerator.graph.connectTimeOverTime.exclude_controllers' not found, using default value 'false' instead.
2022-09-19 09:57:39,451 INFO o.a.j.r.c.ReportGeneratorConfiguration: Property 'jmeter.reportgenerator.graph.latenciesOverTime.exclude_controllers' not found, using default value 'false' instead.
2022-09-19 09:57:39,452 INFO o.a.j.r.c.ReportGeneratorConfiguration: Property 'jmeter.reportgenerator.exporter.json.filters_only_sample_series' not found, using default value 'true' instead.
2022-09-19 09:57:39,452 INFO o.a.j.r.c.ReportGeneratorConfiguration: Property 'jmeter.reportgenerator.exporter.json.series_filter' not found, using default value '' instead.
2022-09-19 09:57:39,453 INFO o.a.j.r.c.ReportGeneratorConfiguration: Property 'jmeter.reportgenerator.exporter.json.show_controllers_only' not found, using default value 'false' instead.
2022-09-19 09:57:39,453 INFO o.a.j.r.c.ReportGeneratorConfiguration: Property 'jmeter.reportgenerator.exporter.html.filters_only_sample_series' not found, using default value 'true' instead.
2022-09-19 09:57:39,453 INFO o.a.j.r.c.ReportGeneratorConfiguration: Property 'jmeter.reportgenerator.exporter.html.series_filter' not found, using default value '' instead.
2022-09-19 09:57:39,453 INFO o.a.j.r.c.ReportGeneratorConfiguration: Property 'jmeter.reportgenerator.exporter.html.show_controllers_only' not found, using default value 'false' instead.
2022-09-19 09:57:39,659 INFO o.a.j.s.SaveService: Testplan (JMX) version: 2.2. Testlog (JTL) version: 2.2
2022-09-19 09:57:39,684 INFO o.a.j.s.SaveService: Using SaveService properties file encoding UTF-8
2022-09-19 09:57:39,689 INFO o.a.j.s.SaveService: Using SaveService properties version 5.0
2022-09-19 09:57:39,725 INFO o.a.j.r.p.NormalizerSampleConsumer: Using format, 'ms', to parse timeStamp field
2022-09-19 09:57:40,595 INFO o.a.j.r.p.AbstractSampleConsumer: class org.apache.jmeter.report.processor.AggregateConsumer#stopProducing(): beginDate produced 0 samples
2022-09-19 09:57:40,595 INFO o.a.j.r.p.AbstractSampleConsumer: class org.apache.jmeter.report.processor.AggregateConsumer#stopProducing(): endDate produced 0 samples
2022-09-19 09:57:40,599 INFO o.a.j.r.p.AbstractSampleConsumer: class org.apache.jmeter.report.processor.ApdexSummaryConsumer#stopProducing(): apdexSummary produced 0 samples
2022-09-19 09:57:40,599 INFO o.a.j.r.p.AbstractSampleConsumer: class org.apache.jmeter.report.processor.RequestsSummaryConsumer#stopProducing(): requestsSummary produced 0 samples
2022-09-19 09:57:40,606 INFO o.a.j.r.p.AbstractSampleConsumer: class org.apache.jmeter.report.processor.StatisticsSummaryConsumer#stopProducing(): statisticsSummary produced 0 samples
2022-09-19 09:57:40,614 INFO o.a.j.r.p.AbstractSampleConsumer: class org.apache.jmeter.report.processor.Top5ErrorsBySamplerConsumer#stopProducing(): top5ErrorsBySampler produced 0 samples
2022-09-19 09:57:40,615 INFO o.a.j.r.p.AbstractSampleConsumer: class org.apache.jmeter.report.processor.ErrorsSummaryConsumer#stopProducing(): errorsSummary produced 0 samples
2022-09-19 09:57:40,615 INFO o.a.j.r.p.AbstractSampleConsumer: class org.apache.jmeter.report.processor.graph.impl.HitsPerSecondGraphConsumer#stopProducing(): hitsPerSecond produced 0 samples
2022-09-19 09:57:40,644 INFO o.a.j.r.p.AbstractSampleConsumer: class org.apache.jmeter.report.processor.graph.impl.LatencyVSRequestGraphConsumer#stopProducing(): latencyVsRequest produced 0 samples
2022-09-19 09:57:40,645 INFO o.a.j.r.p.AbstractSampleConsumer: class org.apache.jmeter.report.processor.graph.impl.SyntheticResponseTimeDistributionGraphConsumer#stopProducing(): syntheticResponseTimeDistribution produced 0 samples
2022-09-19 09:57:40,646 INFO o.a.j.r.p.AbstractSampleConsumer: class org.apache.jmeter.report.processor.graph.impl.BytesThroughputGraphConsumer#stopProducing(): bytesThroughputOverTime produced 0 samples
2022-09-19 09:57:40,647 INFO o.a.j.r.p.AbstractSampleConsumer: class org.apache.jmeter.report.processor.graph.impl.CodesPerSecondGraphConsumer#stopProducing(): codesPerSecond produced 0 samples
2022-09-19 09:57:40,663 INFO o.a.j.r.p.AbstractSampleConsumer: class org.apache.jmeter.report.processor.graph.impl.ResponseTimeVSRequestGraphConsumer#stopProducing(): responseTimeVsRequest produced 0 samples
2022-09-19 09:57:40,663 INFO o.a.j.r.p.AbstractSampleConsumer: class org.apache.jmeter.report.processor.FilterConsumer#stopProducing(): startIntervalControlerFilter produced 1806 samples
2022-09-19 09:57:40,663 INFO o.a.j.r.p.AbstractSampleConsumer: class org.apache.jmeter.report.processor.graph.impl.TotalTPSGraphConsumer#stopProducing(): totalTPS produced 0 samples
2022-09-19 09:57:40,664 INFO o.a.j.r.p.AbstractSampleConsumer: class org.apache.jmeter.report.processor.graph.impl.ActiveThreadsGraphConsumer#stopProducing(): activeThreadsOverTime produced 0 samples
2022-09-19 09:57:40,664 INFO o.a.j.r.p.AbstractSampleConsumer: class org.apache.jmeter.report.processor.graph.impl.TimeVSThreadGraphConsumer#stopProducing(): timeVsThreads produced 0 samples
2022-09-19 09:57:40,665 INFO o.a.j.r.p.AbstractSampleConsumer: class org.apache.jmeter.report.processor.graph.impl.ResponseTimeDistributionGraphConsumer#stopProducing(): responseTimeDistribution produced 0 samples
2022-09-19 09:57:40,665 INFO o.a.j.r.p.AbstractSampleConsumer: class org.apache.jmeter.report.processor.graph.impl.TransactionsPerSecondGraphConsumer#stopProducing(): transactionsPerSecond produced 0 samples
2022-09-19 09:57:40,666 INFO o.a.j.r.p.AbstractSampleConsumer: class org.apache.jmeter.report.processor.graph.impl.ResponseTimePercentilesGraphConsumer#stopProducing(): responseTimePercentiles produced 0 samples
2022-09-19 09:57:40,669 INFO o.a.j.r.p.AbstractSampleConsumer: class org.apache.jmeter.report.processor.graph.impl.ResponseTimePercentilesOverTimeGraphConsumer#stopProducing(): responseTimePercentilesOverTime produced 0 samples
2022-09-19 09:57:40,670 INFO o.a.j.r.p.AbstractSampleConsumer: class org.apache.jmeter.report.processor.graph.impl.ResponseTimeOverTimeGraphConsumer#stopProducing(): responseTimesOverTime produced 0 samples
2022-09-19 09:57:40,671 INFO o.a.j.r.p.AbstractSampleConsumer: class org.apache.jmeter.report.processor.graph.impl.ConnectTimeOverTimeGraphConsumer#stopProducing(): connectTimeOverTime produced 0 samples
2022-09-19 09:57:40,672 INFO o.a.j.r.p.AbstractSampleConsumer: class org.apache.jmeter.report.processor.graph.impl.LatencyOverTimeGraphConsumer#stopProducing(): latenciesOverTime produced 0 samples
2022-09-19 09:57:40,673 INFO o.a.j.r.p.AbstractSampleConsumer: class org.apache.jmeter.report.processor.FilterConsumer#stopProducing(): nameFilter produced 9645 samples
2022-09-19 09:57:40,673 INFO o.a.j.r.p.AbstractSampleConsumer: class org.apache.jmeter.report.processor.FilterConsumer#stopProducing(): dateRangeFilter produced 1929 samples
2022-09-19 09:57:40,674 INFO o.a.j.r.p.AbstractSampleConsumer: class org.apache.jmeter.report.processor.NormalizerSampleConsumer#stopProducing(): normalizer produced 643 samples
2022-09-19 09:57:40,674 INFO o.a.j.r.p.CsvFileSampleSource: produce(): 643 samples produced in 910ms on channel 0
2022-09-19 09:57:40,675 INFO o.a.j.r.d.ReportGenerator: Exporting data using exporter:'json' of className:'org.apache.jmeter.report.dashboard.JsonExporter'
2022-09-19 09:57:40,885 INFO o.a.j.r.d.JsonExporter: Found data for consumer statisticsSummary in context
2022-09-19 09:57:40,885 INFO o.a.j.r.d.JsonExporter: Creating statistics for overall
2022-09-19 09:57:40,886 INFO o.a.j.r.d.JsonExporter: Creating statistics for other transactions
2022-09-19 09:57:40,887 INFO o.a.j.r.d.JsonExporter: Checking output folder
2022-09-19 09:57:40,887 INFO o.a.j.r.d.JsonExporter: Writing statistics JSON to C:\AI\report\statistics.json
2022-09-19 09:57:40,944 INFO o.a.j.r.d.ReportGenerator: Exporting data using exporter:'html' of className:'org.apache.jmeter.report.dashboard.HtmlTemplateExporter'
2022-09-19 09:57:40,948 INFO o.a.j.r.d.HtmlTemplateExporter: Will generate dashboard in folder: C:\AI\report
2022-09-19 09:57:41,132 INFO o.a.j.r.d.HtmlTemplateExporter: Report will be generated in: C:\AI\report, creating folder structure
2022-09-19 09:57:41,137 INFO o.a.j.r.d.TemplateVisitor: Copying folder from 'C:\apache-jmeter-5.4.1\bin\report-template' to 'C:\AI\report', got message: C:\AI\report, found non empty folder with following content [C:\AI\report\statistics.json], will be ignored
